0 info it worked if it ends with ok
1 verbose cli [ 'C:\\Program Files\\nodejs\\node.exe',
1 verbose cli   'C:\\Program Files\\nodejs\\node_modules\\npm\\bin\\npm-cli.js',
1 verbose cli   'run',
1 verbose cli   'build' ]
2 info using npm@3.10.10
3 info using node@v6.10.3
4 verbose run-script [ 'prebuild', 'build', 'postbuild' ]
5 info lifecycle hora-atual@1.1.1~prebuild: hora-atual@1.1.1
6 silly lifecycle hora-atual@1.1.1~prebuild: no script for prebuild, continuing
7 info lifecycle hora-atual@1.1.1~build: hora-atual@1.1.1
8 verbose lifecycle hora-atual@1.1.1~build: unsafe-perm in lifecycle true
9 verbose lifecycle hora-atual@1.1.1~build: PATH: C:\Program Files\nodejs\node_modules\npm\bin\node-gyp-bin;C:\elocourse\jubilant-octo-journey\HoraAtualTypeScript\node_modules\.bin;C:\Program Files\cmder\bin;C:\Program Files (x86)\Git\bin;C:\Program Files (x86)\Git\usr\bin;C:\Program Files (x86)\Git\share\vim\vim74;C:\Program Files\cmder\vendor\conemu-maximus5;C:\Program Files\cmder\vendor\conemu-maximus5\ConEmu;C:\Program Files\Mozilla Firefox;C:\Program Files\Lame;C:\Program Files (x86)\sqlite-tools;C:\AHK\RedMine;C:\Program Files (x86)\foobar2000;C:\Python27\Scripts;C:\Python27;C:\Program Files (x86)\Lynx;C:\Program Files (x86)\Far Manager;C:\Program Files (x86)\pgAdmin III\1.22;C:\Oracle\product\10.2.0\db_1\BIN;C:\Program Files (x86)\ack;C:\Program Files (x86)\Notepad++;C:\Program Files\Vim;C:\Program Files\cmder;C:\Program Files (x86)\Seagate Software\NOTES\;C:\Program Files (x86)\Seagate Software\NOTES\DATA\;c:\program files\graphicsmagick-1.3.21-q16;C:\Ruby21\bin;C:\ProgramData\Oracle\Java\javapath;C:\Program Files (x86)\Common Files\Crystal Decisions\2.5\bin\NOTES\;C:\Program Files (x86)\Common Files\Crystal Decisions\2.5\bin\NOTES\DATA\;C:\Program Files (x86)\Embarcadero\RAD Studio\9.0\bin;C:\Users\Public\Documents\RAD Studio\9.0\Bpl;C:\Program Files (x86)\Embarcadero\RAD Studio\9.0\bin64;C:\Users\Public\Documents\RAD Studio\9.0\Bpl\Win64;C:\WINDOWS\system32;C:\WINDOWS;C:\WINDOWS\System32\Wbem;C:\WINDOWS\System32\WindowsPowerShell\v1.0\;C:\Program Files (x86)\Gow\bin;C:\Program Files\TortoiseSVN\bin;C:\Program Files\Microsoft SQL Server\110\Tools\Binn\;C:\Program Files\Microsoft SQL Server\120\Tools\Binn\;C:\Program Files (x86)\Heroku\bin;C:\Program Files (x86)\git\cmd;C:\Program Files (x86)\Microsoft SQL Server\80\Tools\Binn\;C:\Program Files (x86)\Microsoft SQL Server\90\DTS\Binn\;C:\Program Files (x86)\Microsoft SQL Server\100\Tools\Binn\;C:\Program Files (x86)\Microsoft SQL Server\100\DTS\Binn\;C:\Program Files (x86)\Microsoft SQL Server\100\Tools\Binn\VSShell\Common7\IDE\;C:\Program Files (x86)\Microsoft Visual Studio 9.0\Common7\IDE\PrivateAssemblies\;C:\Program Files (x86)\EurekaLog 6\Delphi7;C:\Program Files (x86)\SlikSvn\bin;C:\Program Files\nodejs\;C:\ProgramData\chocolatey\bin;C:\Program Files (x86)\Skype\Phone\;C:\Program Files (x86)\Nmap;C:\Program Files (x86)\Microsoft VS Code\bin;C:\Users\usuario\AppData\Roaming\npm;C:\Program Files\cmder
10 verbose lifecycle hora-atual@1.1.1~build: CWD: C:\elocourse\jubilant-octo-journey\HoraAtualTypeScript
11 silly lifecycle hora-atual@1.1.1~build: Args: [ '/d /s /c', 'tsc' ]
12 silly lifecycle hora-atual@1.1.1~build: Returned: code: 2  signal: null
13 info lifecycle hora-atual@1.1.1~build: Failed to exec build script
14 verbose stack Error: hora-atual@1.1.1 build: `tsc`
14 verbose stack Exit status 2
14 verbose stack     at EventEmitter.<anonymous> (C:\Program Files\nodejs\node_modules\npm\lib\utils\lifecycle.js:255:16)
14 verbose stack     at emitTwo (events.js:106:13)
14 verbose stack     at EventEmitter.emit (events.js:191:7)
14 verbose stack     at ChildProcess.<anonymous> (C:\Program Files\nodejs\node_modules\npm\lib\utils\spawn.js:40:14)
14 verbose stack     at emitTwo (events.js:106:13)
14 verbose stack     at ChildProcess.emit (events.js:191:7)
14 verbose stack     at maybeClose (internal/child_process.js:886:16)
14 verbose stack     at Process.ChildProcess._handle.onexit (internal/child_process.js:226:5)
15 verbose pkgid hora-atual@1.1.1
16 verbose cwd C:\elocourse\jubilant-octo-journey\HoraAtualTypeScript
17 error Windows_NT 6.2.9200
18 error argv "C:\\Program Files\\nodejs\\node.exe" "C:\\Program Files\\nodejs\\node_modules\\npm\\bin\\npm-cli.js" "run" "build"
19 error node v6.10.3
20 error npm  v3.10.10
21 error code ELIFECYCLE
22 error hora-atual@1.1.1 build: `tsc`
22 error Exit status 2
23 error Failed at the hora-atual@1.1.1 build script 'tsc'.
23 error Make sure you have the latest version of node.js and npm installed.
23 error If you do, this is most likely a problem with the hora-atual package,
23 error not with npm itself.
23 error Tell the author that this fails on your system:
23 error     tsc
23 error You can get information on how to open an issue for this project with:
23 error     npm bugs hora-atual
23 error Or if that isn't available, you can get their info via:
23 error     npm owner ls hora-atual
23 error There is likely additional logging output above.
24 verbose exit [ 1, true ]
